<?xml version="1.0" encoding="UTF-8"?>
<testng-results ignored="0" total="4" passed="4" failed="0" skipped="0">
  <reporter-output>
  </reporter-output>
  <suite started-at="2023-03-24T10:54:03 IST" name="masterSuite" finished-at="2023-03-24T10:56:42 IST" duration-ms="158082">
    <groups>
      <group name="regression">
        <method signature="Oc_001ddtlogin.loginddt(java.lang.String, java.lang.String, java.lang.String)[pri:2, instance:testcases.Oc_001ddtlogin@3c73951]" name="loginddt" class="testcases.Oc_001ddtlogin"/>
      </group> <!-- regression -->
      <group name="sanity">
        <method signature="Oc_001login.login()[pri:1, instance:testcases.Oc_001login@759d26fb]" name="login" class="testcases.Oc_001login"/>
      </group> <!-- sanity -->
    </groups>
    <test started-at="2023-03-24T10:54:03 IST" name="masterTest" finished-at="2023-03-24T10:56:42 IST" duration-ms="158082">
      <class name="testcases.Oc_001login">
        <test-method is-config="true" signature="setup(java.lang.String)[pri:0, instance:testcases.Oc_001login@759d26fb]" started-at="2023-03-24T10:54:04 IST" name="setup" finished-at="2023-03-24T10:54:40 IST" duration-ms="35828" status="PASS">
          <params>
            <param index="0">
              <value>
                <![CDATA[edge]]>
              </value>
            </param>
          </params>
          <reporter-output>
          </reporter-output>
        </test-method> <!-- setup -->
        <test-method signature="login()[pri:1, instance:testcases.Oc_001login@759d26fb]" started-at="2023-03-24T10:54:40 IST" name="login" finished-at="2023-03-24T10:54:45 IST" duration-ms="4737" status="PASS">
          <reporter-output>
          </reporter-output>
        </test-method> <!-- login -->
      </class> <!-- testcases.Oc_001login -->
      <class name="testcases.Oc_001ddtlogin">
        <test-method is-config="true" signature="setup(java.lang.String)[pri:0, instance:testcases.Oc_001ddtlogin@3c73951]" started-at="2023-03-24T10:54:45 IST" name="setup" finished-at="2023-03-24T10:55:15 IST" duration-ms="29972" status="PASS">
          <params>
            <param index="0">
              <value>
                <![CDATA[edge]]>
              </value>
            </param>
          </params>
          <reporter-output>
          </reporter-output>
        </test-method> <!-- setup -->
        <test-method signature="loginddt(java.lang.String, java.lang.String, java.lang.String)[pri:2, instance:testcases.Oc_001ddtlogin@3c73951]" started-at="2023-03-24T10:55:15 IST" name="loginddt" data-provider="orange" finished-at="2023-03-24T10:55:26 IST" duration-ms="10951" status="PASS">
          <params>
            <param index="0">
              <value>
                <![CDATA[Admin]]>
              </value>
            </param>
            <param index="1">
              <value>
                <![CDATA[admin123]]>
              </value>
            </param>
            <param index="2">
              <value>
                <![CDATA[valid]]>
              </value>
            </param>
          </params>
          <reporter-output>
          </reporter-output>
        </test-method> <!-- loginddt -->
        <test-method signature="loginddt(java.lang.String, java.lang.String, java.lang.String)[pri:2, instance:testcases.Oc_001ddtlogin@3c73951]" started-at="2023-03-24T10:55:26 IST" name="loginddt" data-provider="orange" finished-at="2023-03-24T10:56:04 IST" duration-ms="38222" status="PASS">
          <params>
            <param index="0">
              <value>
                <![CDATA[admin]]>
              </value>
            </param>
            <param index="1">
              <value>
                <![CDATA[adnmi]]>
              </value>
            </param>
            <param index="2">
              <value>
                <![CDATA[invalid]]>
              </value>
            </param>
          </params>
          <reporter-output>
          </reporter-output>
        </test-method> <!-- loginddt -->
        <test-method signature="loginddt(java.lang.String, java.lang.String, java.lang.String)[pri:2, instance:testcases.Oc_001ddtlogin@3c73951]" started-at="2023-03-24T10:56:04 IST" name="loginddt" data-provider="orange" finished-at="2023-03-24T10:56:42 IST" duration-ms="37670" status="PASS">
          <params>
            <param index="0">
              <value>
                <![CDATA[asduo]]>
              </value>
            </param>
            <param index="1">
              <value>
                <![CDATA[admin]]>
              </value>
            </param>
            <param index="2">
              <value>
                <![CDATA[invalid]]>
              </value>
            </param>
          </params>
          <reporter-output>
          </reporter-output>
        </test-method> <!-- loginddt -->
      </class> <!-- testcases.Oc_001ddtlogin -->
    </test> <!-- masterTest -->
  </suite> <!-- masterSuite -->
</testng-results>
