<?xml version="1.0" encoding="UTF-8"?>
<!-- Generated by org.testng.reporters.JUnitXMLReporter -->
<testsuite ignored="0" hostname="LAPTOP-FS5UPGRD" failures="0" tests="4" name="masterTest" time="158.082" errors="0" timestamp="2023-03-24T10:56:42 IST">
  <testcase classname="testcases.Oc_001login" name="login" time="4.737"/>
  <testcase classname="testcases.Oc_001ddtlogin" name="loginddt" time="10.951"/>
  <testcase classname="testcases.Oc_001ddtlogin" name="loginddt" time="38.222"/>
  <testcase classname="testcases.Oc_001ddtlogin" name="loginddt" time="37.67"/>
</testsuite> <!-- masterTest -->
