<?xml version="1.0" encoding="UTF-8"?>
<!-- Generated by org.testng.reporters.JUnitXMLReporter -->
<testsuite ignored="0" hostname="LAPTOP-FS5UPGRD" failures="1" tests="1" name="masterTest" time="83.078" errors="0" timestamp="2023-03-28T20:31:09 IST">
  <testcase classname="testcases.Oc_005leave" name="leaveclass" time="53.792">
    <failure type="java.lang.IndexOutOfBoundsException" message="Index 11 out of bounds for length 0">
      <![CDATA[java.lang.IndexOutOfBoundsException: Index 11 out of bounds for length 0
at java.base/jdk.internal.util.Preconditions.outOfBounds(Preconditions.java:100)
at java.base/jdk.internal.util.Preconditions.outOfBoundsCheckIndex(Preconditions.java:106)
at java.base/jdk.internal.util.Preconditions.checkIndex(Preconditions.java:302)
at java.base/java.util.Objects.checkIndex(Objects.java:359)
at java.base/java.util.ArrayList.get(ArrayList.java:427)
at org.openqa.selenium.support.pagefactory.internal.LocatingElementListHandler.invoke(LocatingElementListHandler.java:40)
at jdk.proxy2/jdk.proxy2.$Proxy21.get(Unknown Source)
at testcases.Oc_005leave.leaveclass(Oc_005leave.java:50)
at java.base/java.util.ArrayList.forEach(ArrayList.java:1511)
... Removed 27 stack frames]]>
    </failure>
  </testcase> <!-- leaveclass -->
</testsuite> <!-- masterTest -->
